<?xml version="1.0" encoding="UTF-8"?>
<testng-results ignored="0" total="2" passed="2" failed="0" skipped="0">
  <reporter-output>
    <line>
      <![CDATA[Amount:₹500]]>
    </line>
    <line>
      <![CDATA[Ad Id:361863176]]>
    </line>
    <line>
      <![CDATA[Brand:Nikon]]>
    </line>
  </reporter-output>
  <suite started-at="2022-10-31T11:16:07 IST" name="Default suite" finished-at="2022-10-31T11:16:54 IST" duration-ms="46838">
    <groups>
    </groups>
    <test started-at="2022-10-31T11:16:07 IST" name="Default test" finished-at="2022-10-31T11:16:54 IST" duration-ms="46838">
      <class name="quikr.Quick">
        <test-method signature="file()[pri:0, instance:quikr.Quick@932bc4a]" started-at="2022-10-31T11:16:07 IST" name="file" finished-at="2022-10-31T11:16:10 IST" duration-ms="3357" status="PASS">
          <reporter-output>
          </reporter-output>
        </test-method> <!-- file -->
        <test-method signature="test()[pri:0, instance:quikr.Quick@932bc4a]" started-at="2022-10-31T11:16:10 IST" name="test" finished-at="2022-10-31T11:16:49 IST" duration-ms="38587" status="PASS">
          <reporter-output>
            <line>
              <![CDATA[Amount:₹500]]>
            </line>
            <line>
              <![CDATA[Ad Id:361863176]]>
            </line>
            <line>
              <![CDATA[Brand:Nikon]]>
            </line>
          </reporter-output>
        </test-method> <!-- test -->
        <test-method is-config="true" signature="close()[pri:0, instance:quikr.Quick@932bc4a]" started-at="2022-10-31T11:16:49 IST" name="close" finished-at="2022-10-31T11:16:54 IST" duration-ms="4844" status="PASS">
          <reporter-output>
          </reporter-output>
        </test-method> <!-- close -->
      </class> <!-- quikr.Quick -->
    </test> <!-- Default test -->
  </suite> <!-- Default suite -->
</testng-results>
