<?xml version="1.0" encoding="UTF-8"?>
<!-- Generated by org.testng.reporters.JUnitReportReporter -->
<testsuite hostname="GBLNB-PG034KGC" failures="0" tests="2" name="quikr.Quick" time="41.944" errors="0" timestamp="2022-10-31T11:16:54 IST" skipped="0">
  <testcase classname="quikr.Quick" name="file" time="3.357"/>
  <system-out/>
  <testcase classname="quikr.Quick" name="test" time="38.587"/>
  <system-out>
    <![CDATA[Amount:₹500
Ad Id:361863176
Brand:Nikon]]>
  </system-out>
</testsuite> <!-- quikr.Quick -->
